#
# A fatal error has been detected by the Java Runtime Environment:
#
#  EXCEPTION_ACCESS_VIOLATION (0xc0000005) at pc=0x000000007765903f, pid=7308, tid=6648
#
# JRE version: Java(TM) SE Runtime Environment (8.0_74-b02) (build 1.8.0_74-b02)
# Java VM: Java HotSpot(TM) 64-Bit Server VM (25.74-b02 mixed mode windows-amd64 compressed oops)
# Problematic frame:
# C  [ntdll.dll+0x4903f]
#
# Failed to write core dump. Minidumps are not enabled by default on client versions of Windows
#
# If you would like to submit a bug report, please visit:
#   http://bugreport.java.com/bugreport/crash.jsp
# The crash happened outside the Java Virtual Machine in native code.
# See problematic frame for where to report the bug.
#

---------------  T H R E A D  ---------------

Current thread (0x000000001ff85000):  JavaThread "File Watcher" daemon [_thread_in_native, id=6648, stack(0x0000000023f60000,0x0000000024060000)]

siginfo: ExceptionCode=0xc0000005, writing address 0x000000000000005c

Registers:
RAX=0x000000000000005c, RBX=0x000000001f669b60, RCX=0x000000001f669c2e, RDX=0x000000000000010c
RSP=0x000000002405eb30, RBP=0x000000000000fffe, RSI=0x0000000000000000, RDI=0x000000001f669b60
R8 =0x0000000000000086, R9 =0x000000000000010c, R10=0x0000000000000000, R11=0x000000000000ffff
R12=0x0000000000000000, R13=0x0000000000000004, R14=0x00000000d70a1170, R15=0x000000001ff85000
RIP=0x000000007765903f, EFLAGS=0x0000000000010246

Top of Stack: (sp=0x000000002405eb30)
0x000000002405eb30:   0000000000000000 000000002405ed20
0x000000002405eb40:   000000001f669c80 000000005191c27a
0x000000002405eb50:   00000000010e010c 000000001f669b60
0x000000002405eb60:   0000000000000000 0000000077663d79
0x000000002405eb70:   0000000000000000 0000000000000007
0x000000002405eb80:   000000001ff85000 0000000077511a0a
0x000000002405eb90:   00000000010e010c 000000001f669b60
0x000000002405eba0:   000000001f669b60 0000000077512048
0x000000002405ebb0:   000000001ff85000 0000000064ad8d94
0x000000002405ebc0:   0000000000000000 00000000218f5fe0
0x000000002405ebd0:   0000000000000118 00000000010e010c
0x000000002405ebe0:   000000001f669b60 000000005183f088
0x000000002405ebf0:   000000001f669b60 0000000077500d51
0x000000002405ec00:   0000000000000000 0000000000000000
0x000000002405ec10:   000000001f669b60 0000000064a3c74e
0x000000002405ec20:   000000001ff851f8 000000001f669c80 

Instructions: (pc=0x000000007765903f)
0x000000007765901f:   e2 fc 8b c2 48 01 41 18 8b 41 10 4c 89 44 c1 20
0x000000007765902f:   ff 41 10 8b c2 c3 44 8a 74 24 40 e9 50 57 00 00
0x000000007765903f:   41 0f b7 c1 48 83 c1 02 48 d1 e8 48 8d 04 43 48
0x000000007765904f:   3b c8 73 39 0f b7 01 66 83 c8 20 66 83 f8 70 0f 


Register to memory mapping:

RAX=0x000000000000005c is an unknown value
RBX=0x000000001f669b60 is an unknown value
RCX=0x000000001f669c2e is an unknown value
RDX=0x000000000000010c is an unknown value
RSP=0x000000002405eb30 is pointing into the stack for thread: 0x000000001ff85000
RBP=0x000000000000fffe is an unknown value
RSI=0x0000000000000000 is an unknown value
RDI=0x000000001f669b60 is an unknown value
R8 =0x0000000000000086 is an unknown value
R9 =0x000000000000010c is an unknown value
R10=0x0000000000000000 is an unknown value
R11=0x000000000000ffff is an unknown value
R12=0x0000000000000000 is an unknown value
R13=0x0000000000000004 is an unknown value
R14=0x00000000d70a1170 is an oop
java.io.File 
 - klass: 'java/io/File'
R15=0x000000001ff85000 is a thread


Stack: [0x0000000023f60000,0x0000000024060000],  sp=0x000000002405eb30,  free space=1018k
Native frames: (J=compiled Java code, j=interpreted, Vv=VM code, C=native code)
C  [ntdll.dll+0x4903f]
C  [ntdll.dll+0x53d79]
C  [kernel32.dll+0x22048]
C  [kernel32.dll+0x10d51]
C  [java.dll+0xa31f]
C  0x000000000f9180c9

Java frames: (J=compiled Java code, j=interpreted, Vv=VM code)
J 2553  java.io.WinNTFileSystem.getLastModifiedTime(Ljava/io/File;)J (0 bytes) @ 0x000000000f91804f [0x000000000f918000+0x4f]
J 7985 C2 org.springframework.boot.devtools.filewatch.FileSnapshot.<init>(Ljava/io/File;)V (64 bytes) @ 0x000000000feae0e4 [0x000000000feadb20+0x5c4]
J 7989 C2 org.springframework.boot.devtools.filewatch.FolderSnapshot.collectFiles(Ljava/io/File;Ljava/util/Set;)V (99 bytes) @ 0x000000000fd30b64 [0x000000000fd30860+0x304]
J 7989 C2 org.springframework.boot.devtools.filewatch.FolderSnapshot.collectFiles(Ljava/io/File;Ljava/util/Set;)V (99 bytes) @ 0x000000000fd32648 [0x000000000fd30860+0x1de8]
J 7989 C2 org.springframework.boot.devtools.filewatch.FolderSnapshot.collectFiles(Ljava/io/File;Ljava/util/Set;)V (99 bytes) @ 0x000000000fd32648 [0x000000000fd30860+0x1de8]
J 13713 C2 org.springframework.boot.devtools.filewatch.FileSystemWatcher$Watcher.getCurrentSnapshots()Ljava/util/Map; (63 bytes) @ 0x000000001094a96c [0x000000001094a3e0+0x58c]
J 13714 C2 org.springframework.boot.devtools.filewatch.FileSystemWatcher$Watcher.scan()V (63 bytes) @ 0x0000000010b21154 [0x0000000010b21100+0x54]
j  org.springframework.boot.devtools.filewatch.FileSystemWatcher$Watcher.run()V+30
j  java.lang.Thread.run()V+11
v  ~StubRoutines::call_stub

---------------  P R O C E S S  ---------------

Java Threads: ( => current thread )
  0x00000000224e3800 JavaThread "http-nio-8080-exec-10" daemon [_thread_blocked, id=10380, stack(0x0000000025a20000,0x0000000025b20000)]
  0x00000000224e3000 JavaThread "http-nio-8080-exec-9" daemon [_thread_blocked, id=10488, stack(0x000000000c270000,0x000000000c370000)]
  0x00000000224e0800 JavaThread "http-nio-8080-exec-8" daemon [_thread_blocked, id=4128, stack(0x0000000027a40000,0x0000000027b40000)]
  0x00000000224de000 JavaThread "http-nio-8080-exec-7" daemon [_thread_blocked, id=4424, stack(0x0000000026410000,0x0000000026510000)]
  0x00000000224e0000 JavaThread "http-nio-8080-exec-6" daemon [_thread_blocked, id=2844, stack(0x00000000256d0000,0x00000000257d0000)]
  0x00000000224df000 JavaThread "http-nio-8080-exec-5" daemon [_thread_blocked, id=10480, stack(0x000000000e290000,0x000000000e390000)]
  0x000000001ff84800 JavaThread "http-nio-8080-exec-4" daemon [_thread_blocked, id=9412, stack(0x00000000255a0000,0x00000000256a0000)]
  0x000000001ff82000 JavaThread "http-nio-8080-exec-3" daemon [_thread_blocked, id=9784, stack(0x0000000022620000,0x0000000022720000)]
  0x000000001ff91000 JavaThread "http-nio-8080-exec-2" daemon [_thread_blocked, id=7696, stack(0x000000000c0a0000,0x000000000c1a0000)]
  0x000000001ff89800 JavaThread "http-nio-8080-exec-1" daemon [_thread_blocked, id=7856, stack(0x000000000a270000,0x000000000a370000)]
  0x00000000224e2000 JavaThread "http-nio-8080-AsyncTimeout" daemon [_thread_blocked, id=9980, stack(0x0000000027b70000,0x0000000027c70000)]
  0x000000001ff83800 JavaThread "http-nio-8080-Acceptor-0" daemon [_thread_in_native, id=8184, stack(0x00000000262d0000,0x00000000263d0000)]
  0x000000001ff86000 JavaThread "http-nio-8080-ClientPoller-1" daemon [_thread_in_native, id=3264, stack(0x0000000027930000,0x0000000027a30000)]
  0x000000001ff8b000 JavaThread "http-nio-8080-ClientPoller-0" daemon [_thread_in_native, id=5736, stack(0x000000000bcd0000,0x000000000bdd0000)]
  0x000000001ff83000 JavaThread "NioBlockingSelector.BlockPoller-3" daemon [_thread_in_native, id=3260, stack(0x00000000261c0000,0x00000000262c0000)]
  0x000000001ff8a800 JavaThread "File Watcher" daemon [_thread_blocked, id=6500, stack(0x0000000026060000,0x0000000026160000)]
  0x000000001ff8e000 JavaThread "Tomcat JDBC Pool Cleaner[705927765:1507710573203]" daemon [_thread_blocked, id=7324, stack(0x0000000025d30000,0x0000000025e30000)]
  0x000000001ff8f000 JavaThread "container-0" [_thread_blocked, id=8924, stack(0x0000000025b90000,0x0000000025c90000)]
  0x000000001ff90800 JavaThread "ContainerBackgroundProcessor[StandardEngine[Tomcat]]" daemon [_thread_blocked, id=9812, stack(0x000000000c780000,0x000000000c880000)]
  0x000000001ff89000 JavaThread "net.sf.ehcache.CacheManager@104d7cb0" daemon [_thread_blocked, id=8736, stack(0x000000000ec50000,0x000000000ed50000)]
=>0x000000001ff85000 JavaThread "File Watcher" daemon [_thread_in_native, id=6648, stack(0x0000000023f60000,0x0000000024060000)]
  0x000000001ff8c000 JavaThread "DestroyJavaVM" [_thread_blocked, id=2804, stack(0x0000000002520000,0x0000000002620000)]
  0x000000001ff87800 JavaThread "Live Reload Server" daemon [_thread_in_native, id=8980, stack(0x00000000231c0000,0x00000000232c0000)]
  0x000000001ff86800 JavaThread "Abandoned connection cleanup thread" daemon [_thread_blocked, id=5180, stack(0x0000000022a10000,0x0000000022b10000)]
  0x00000000096c9000 JavaThread "Service Thread" daemon [_thread_blocked, id=3696, stack(0x0000000009e00000,0x0000000009f00000)]
  0x0000000009654000 JavaThread "C1 CompilerThread2" daemon [_thread_blocked, id=7288, stack(0x000000000a140000,0x000000000a240000)]
  0x0000000009653000 JavaThread "C2 CompilerThread1" daemon [_thread_blocked, id=5304, stack(0x0000000009f10000,0x000000000a010000)]
  0x000000000963a000 JavaThread "C2 CompilerThread0" daemon [_thread_blocked, id=6172, stack(0x0000000009bc0000,0x0000000009cc0000)]
  0x0000000008312000 JavaThread "Attach Listener" daemon [_thread_blocked, id=7892, stack(0x0000000009cc0000,0x0000000009dc0000)]
  0x0000000009637000 JavaThread "Signal Dispatcher" daemon [_thread_blocked, id=4984, stack(0x0000000009ab0000,0x0000000009bb0000)]
  0x0000000008300000 JavaThread "Finalizer" daemon [_thread_blocked, id=7352, stack(0x0000000009520000,0x0000000009620000)]
  0x00000000082b9000 JavaThread "Reference Handler" daemon [_thread_blocked, id=5676, stack(0x0000000009320000,0x0000000009420000)]

Other Threads:
  0x00000000082b1000 VMThread [stack: 0x0000000009200000,0x0000000009300000] [id=3712]
  0x000000000972b800 WatcherThread [stack: 0x000000000a3d0000,0x000000000a4d0000] [id=7348]

VM state:not at safepoint (normal execution)

VM Mutex/Monitor currently owned by a thread: None

Heap:
 PSYoungGen      total 26624K, used 24554K [0x00000000d5c00000, 0x00000000d7880000, 0x0000000100000000)
  eden space 24064K, 95% used [0x00000000d5c00000,0x00000000d727aa40,0x00000000d7380000)
  from space 2560K, 60% used [0x00000000d7600000,0x00000000d7780000,0x00000000d7880000)
  to   space 2560K, 0% used [0x00000000d7380000,0x00000000d7380000,0x00000000d7600000)
 ParOldGen       total 133632K, used 87323K [0x0000000081400000, 0x0000000089680000, 0x00000000d5c00000)
  object space 133632K, 65% used [0x0000000081400000,0x0000000086946c58,0x0000000089680000)
 Metaspace       used 80368K, capacity 82332K, committed 82584K, reserved 1122304K
  class space    used 9268K, capacity 9624K, committed 9640K, reserved 1048576K

Card table byte_map: [0x00000000029e0000,0x0000000002de0000] byte_map_base: 0x00000000025d6000

Marking Bits: (ParMarkBitMap*) 0x0000000051f10600
 Begin Bits: [0x00000000035c0000, 0x0000000005570000)
 End Bits:   [0x0000000005570000, 0x0000000007520000)

Polling page: 0x0000000000110000

CodeCache: size=245760Kb used=44186Kb max_used=44202Kb free=201573Kb
 bounds [0x000000000f010000, 0x0000000011b90000, 0x000000001e010000]
 total_blobs=12673 nmethods=11858 adapters=726
 compilation: enabled

Compilation events (10 events):
Event: 14718.944 Thread 0x000000000963a000 15041       4       sun.nio.ch.SelectorImpl::select (34 bytes)
Event: 14718.945 Thread 0x000000000963a000 nmethod 15041 0x000000000f37d7d0 code [0x000000000f37d920, 0x000000000f37d9e8]
Event: 15787.005 Thread 0x0000000009653000 15042   !   4       org.apache.tomcat.util.net.NioEndpoint$Poller::timeout (493 bytes)
Event: 15787.027 Thread 0x0000000009653000 nmethod 15042 0x000000000fc52a10 code [0x000000000fc52c60, 0x000000000fc539a0]
Event: 18352.439 Thread 0x000000000963a000 15043       4       org.apache.tomcat.util.net.NioBlockingSelector$BlockPoller::events (48 bytes)
Event: 18352.476 Thread 0x000000000963a000 nmethod 15043 0x0000000011b71510 code [0x0000000011b717c0, 0x0000000011b733e8]
Event: 20494.360 Thread 0x0000000009653000 15044       4       java.util.concurrent.locks.AbstractQueuedSynchronizer::doReleaseShared (79 bytes)
Event: 20494.365 Thread 0x0000000009653000 nmethod 15044 0x000000000fa08490 code [0x000000000fa085e0, 0x000000000fa087c8]
Event: 21004.388 Thread 0x0000000009653000 15045       4       java.util.concurrent.locks.ReentrantReadWriteLock$Sync::tryAcquireShared (177 bytes)
Event: 21004.407 Thread 0x0000000009653000 nmethod 15045 0x000000000f3ed110 code [0x000000000f3ed2e0, 0x000000000f3eda90]

GC Heap History (10 events):
Event: 25933.615 GC heap before
{Heap before GC invocations=3885 (full 5):
 PSYoungGen      total 26624K, used 25568K [0x00000000d5c00000, 0x00000000d7880000, 0x0000000100000000)
  eden space 24064K, 100% used [0x00000000d5c00000,0x00000000d7380000,0x00000000d7380000)
  from space 2560K, 58% used [0x00000000d7380000,0x00000000d74f8000,0x00000000d7600000)
  to   space 2560K, 0% used [0x00000000d7600000,0x00000000d7600000,0x00000000d7880000)
 ParOldGen       total 133632K, used 87323K [0x0000000081400000, 0x0000000089680000, 0x00000000d5c00000)
  object space 133632K, 65% used [0x0000000081400000,0x0000000086946c58,0x0000000089680000)
 Metaspace       used 80368K, capacity 82332K, committed 82584K, reserved 1122304K
  class space    used 9268K, capacity 9624K, committed 9640K, reserved 1048576K
Event: 25933.618 GC heap after
Heap after GC invocations=3885 (full 5):
 PSYoungGen      total 26624K, used 1472K [0x00000000d5c00000, 0x00000000d7880000, 0x0000000100000000)
  eden space 24064K, 0% used [0x00000000d5c00000,0x00000000d5c00000,0x00000000d7380000)
  from space 2560K, 57% used [0x00000000d7600000,0x00000000d7770000,0x00000000d7880000)
  to   space 2560K, 0% used [0x00000000d7380000,0x00000000d7380000,0x00000000d7600000)
 ParOldGen       total 133632K, used 87323K [0x0000000081400000, 0x0000000089680000, 0x00000000d5c00000)
  object space 133632K, 65% used [0x0000000081400000,0x0000000086946c58,0x0000000089680000)
 Metaspace       used 80368K, capacity 82332K, committed 82584K, reserved 1122304K
  class space    used 9268K, capacity 9624K, committed 9640K, reserved 1048576K
}
Event: 25939.421 GC heap before
{Heap before GC invocations=3886 (full 5):
 PSYoungGen      total 26624K, used 25536K [0x00000000d5c00000, 0x00000000d7880000, 0x0000000100000000)
  eden space 24064K, 100% used [0x00000000d5c00000,0x00000000d7380000,0x00000000d7380000)
  from space 2560K, 57% used [0x00000000d7600000,0x00000000d7770000,0x00000000d7880000)
  to   space 2560K, 0% used [0x00000000d7380000,0x00000000d7380000,0x00000000d7600000)
 ParOldGen       total 133632K, used 87323K [0x0000000081400000, 0x0000000089680000, 0x00000000d5c00000)
  object space 133632K, 65% used [0x0000000081400000,0x0000000086946c58,0x0000000089680000)
 Metaspace       used 80368K, capacity 82332K, committed 82584K, reserved 1122304K
  class space    used 9268K, capacity 9624K, committed 9640K, reserved 1048576K
Event: 25939.424 GC heap after
Heap after GC invocations=3886 (full 5):
 PSYoungGen      total 26624K, used 416K [0x00000000d5c00000, 0x00000000d7880000, 0x0000000100000000)
  eden space 24064K, 0% used [0x00000000d5c00000,0x00000000d5c00000,0x00000000d7380000)
  from space 2560K, 16% used [0x00000000d7380000,0x00000000d73e8000,0x00000000d7600000)
  to   space 2560K, 0% used [0x00000000d7600000,0x00000000d7600000,0x00000000d7880000)
 ParOldGen       total 133632K, used 87323K [0x0000000081400000, 0x0000000089680000, 0x00000000d5c00000)
  object space 133632K, 65% used [0x0000000081400000,0x0000000086946c58,0x0000000089680000)
 Metaspace       used 80368K, capacity 82332K, committed 82584K, reserved 1122304K
  class space    used 9268K, capacity 9624K, committed 9640K, reserved 1048576K
}
Event: 25944.820 GC heap before
{Heap before GC invocations=3887 (full 5):
 PSYoungGen      total 26624K, used 24480K [0x00000000d5c00000, 0x00000000d7880000, 0x0000000100000000)
  eden space 24064K, 100% used [0x00000000d5c00000,0x00000000d7380000,0x00000000d7380000)
  from space 2560K, 16% used [0x00000000d7380000,0x00000000d73e8000,0x00000000d7600000)
  to   space 2560K, 0% used [0x00000000d7600000,0x00000000d7600000,0x00000000d7880000)
 ParOldGen       total 133632K, used 87323K [0x0000000081400000, 0x0000000089680000, 0x00000000d5c00000)
  object space 133632K, 65% used [0x0000000081400000,0x0000000086946c58,0x0000000089680000)
 Metaspace       used 80368K, capacity 82332K, committed 82584K, reserved 1122304K
  class space    used 9268K, capacity 9624K, committed 9640K, reserved 1048576K
Event: 25944.825 GC heap after
Heap after GC invocations=3887 (full 5):
 PSYoungGen      total 26624K, used 1536K [0x00000000d5c00000, 0x00000000d7880000, 0x0000000100000000)
  eden space 24064K, 0% used [0x00000000d5c00000,0x00000000d5c00000,0x00000000d7380000)
  from space 2560K, 60% used [0x00000000d7600000,0x00000000d7780000,0x00000000d7880000)
  to   space 2560K, 0% used [0x00000000d7380000,0x00000000d7380000,0x00000000d7600000)
 ParOldGen       total 133632K, used 87323K [0x0000000081400000, 0x0000000089680000, 0x00000000d5c00000)
  object space 133632K, 65% used [0x0000000081400000,0x0000000086946c58,0x0000000089680000)
 Metaspace       used 80368K, capacity 82332K, committed 82584K, reserved 1122304K
  class space    used 9268K, capacity 9624K, committed 9640K, reserved 1048576K
}
Event: 25950.472 GC heap before
{Heap before GC invocations=3888 (full 5):
 PSYoungGen      total 26624K, used 25600K [0x00000000d5c00000, 0x00000000d7880000, 0x0000000100000000)
  eden space 24064K, 100% used [0x00000000d5c00000,0x00000000d7380000,0x00000000d7380000)
  from space 2560K, 60% used [0x00000000d7600000,0x00000000d7780000,0x00000000d7880000)
  to   space 2560K, 0% used [0x00000000d7380000,0x00000000d7380000,0x00000000d7600000)
 ParOldGen       total 133632K, used 87323K [0x0000000081400000, 0x0000000089680000, 0x00000000d5c00000)
  object space 133632K, 65% used [0x0000000081400000,0x0000000086946c58,0x0000000089680000)
 Metaspace       used 80368K, capacity 82332K, committed 82584K, reserved 1122304K
  class space    used 9268K, capacity 9624K, committed 9640K, reserved 1048576K
Event: 25950.475 GC heap after
Heap after GC invocations=3888 (full 5):
 PSYoungGen      total 26624K, used 960K [0x00000000d5c00000, 0x00000000d7880000, 0x0000000100000000)
  eden space 24064K, 0% used [0x00000000d5c00000,0x00000000d5c00000,0x00000000d7380000)
  from space 2560K, 37% used [0x00000000d7380000,0x00000000d7470000,0x00000000d7600000)
  to   space 2560K, 0% used [0x00000000d7600000,0x00000000d7600000,0x00000000d7880000)
 ParOldGen       total 133632K, used 87323K [0x0000000081400000, 0x0000000089680000, 0x00000000d5c00000)
  object space 133632K, 65% used [0x0000000081400000,0x0000000086946c58,0x0000000089680000)
 Metaspace       used 80368K, capacity 82332K, committed 82584K, reserved 1122304K
  class space    used 9268K, capacity 9624K, committed 9640K, reserved 1048576K
}
Event: 25955.581 GC heap before
{Heap before GC invocations=3889 (full 5):
 PSYoungGen      total 26624K, used 25024K [0x00000000d5c00000, 0x00000000d7880000, 0x0000000100000000)
  eden space 24064K, 100% used [0x00000000d5c00000,0x00000000d7380000,0x00000000d7380000)
  from space 2560K, 37% used [0x00000000d7380000,0x00000000d7470000,0x00000000d7600000)
  to   space 2560K, 0% used [0x00000000d7600000,0x00000000d7600000,0x00000000d7880000)
 ParOldGen       total 133632K, used 87323K [0x0000000081400000, 0x0000000089680000, 0x00000000d5c00000)
  object space 133632K, 65% used [0x0000000081400000,0x0000000086946c58,0x0000000089680000)
 Metaspace       used 80368K, capacity 82332K, committed 82584K, reserved 1122304K
  class space    used 9268K, capacity 9624K, committed 9640K, reserved 1048576K
Event: 25955.585 GC heap after
Heap after GC invocations=3889 (full 5):
 PSYoungGen      total 26624K, used 1536K [0x00000000d5c00000, 0x00000000d7880000, 0x0000000100000000)
  eden space 24064K, 0% used [0x00000000d5c00000,0x00000000d5c00000,0x00000000d7380000)
  from space 2560K, 60% used [0x00000000d7600000,0x00000000d7780000,0x00000000d7880000)
  to   space 2560K, 0% used [0x00000000d7380000,0x00000000d7380000,0x00000000d7600000)
 ParOldGen       total 133632K, used 87323K [0x0000000081400000, 0x0000000089680000, 0x00000000d5c00000)
  object space 133632K, 65% used [0x0000000081400000,0x0000000086946c58,0x0000000089680000)
 Metaspace       used 80368K, capacity 82332K, committed 82584K, reserved 1122304K
  class space    used 9268K, capacity 9624K, committed 9640K, reserved 1048576K
}

Deoptimization events (10 events):
Event: 13423.842 Thread 0x00000000224e3800 Uncommon trap: reason=unstable_if action=reinterpret pc=0x000000001183aa78 method=antlr.ASTFactory.addASTChild(Lantlr/ASTPair;Lantlr/collections/AST;)V @ 1
Event: 13440.724 Thread 0x000000001ff91000 Uncommon trap: reason=null_check action=make_not_entrant pc=0x0000000010013d48 method=java.lang.ThreadLocal$ThreadLocalMap.getEntryAfterMiss(Ljava/lang/ThreadLocal;ILjava/lang/ThreadLocal$ThreadLocalMap$Entry;)Ljava/lang/ThreadLocal$ThreadLocalMap$Entry; @Ö8 c@Ê@
Event: 13440.774 Thread 0x00000000224e0800 Uncommon trap: reason=null_check action=make_not_entrant pc=0x0000000010f07adc method=java.lang.ThreadLocal$ThreadLocalMap.set(Ljava/lang/ThreadLocal;Ljava/lang/Object;)V @ 36
Event: 13444.887 Thread 0x000000001ff84800 Uncommon trap: reason=bimorphic action=maybe_recompile pc=0x000000000f71c560 method=java.util.regex.Pattern$Ques.match(Ljava/util/regex/Matcher;ILjava/lang/CharSequence;)Z @ 55
Event: 13445.044 Thread 0x000000001ff84800 Uncommon trap: reason=unstable_if action=reinterpret pc=0x000000000fa97a80 method=java.util.Properties$LineReader.readLine()I @ 37
Event: 13445.044 Thread 0x000000001ff84800 Uncommon trap: reason=unstable_if action=reinterpret pc=0x000000000f159374 method=java.util.Properties$LineReader.readLine()I @ 105
Event: 13450.694 Thread 0x000000001ff82000 Uncommon trap: reason=unstable_if action=reinterpret pc=0x0000000010930a8c method=java.util.concurrent.ConcurrentHashMap.addCount(JI)V @ 34
Event: 13450.741 Thread 0x00000000224e0000 Uncommon trap: reason=unstable_if action=reinterpret pc=0x000000000f7b7bf0 method=java.util.concurrent.ConcurrentHashMap.addCount(JI)V @ 7
Event: 13450.744 Thread 0x00000000224e0000 Uncommon trap: reason=unstable_if action=reinterpret pc=0x000000000f1672b8 method=java.util.concurrent.ConcurrentHashMap.addCount(JI)V @ 7
Event: 13451.339 Thread 0x00000000224de000 Uncommon trap: reason=unstable_if action=reinterpret pc=0x0000000010e7a818 method=com.mysql.jdbc.util.ReadAheadInputStream.read()I @ 12

Internal exceptions (10 events):
Event: 13422.543 Thread 0x000000001ff84800 Exception <a 'java/lang/ClassNotFoundException': com/expect/admin/data/dataobject/FunctionCustomizer> (0x00000000d5f88a08) thrown at [C:\re\workspace\8-2-build-windows-amd64-cygwin\jdk8u74\6087\hotspot\src\share\vm\classfile\systemDictionary.cpp, line 210]”‚ÇsF7Ê@
Event: 13422.550 Thread 0x000000001ff84800 Exception <a 'java/lang/ClassNotFoundException': java/lang/ObjectCustomizer> (0x00000000d5fd7b10) thrown at [C:\re\workspace\8-2-build-windows-amd64-cygwin\jdk8u74\6087\hotspot\src\share\vm\classfile\systemDictionary.cpp, line 210]
Event: 13422.552 Thread 0x000000001ff84800 Exception <a 'java/lang/ClassNotFoundException': com/expect/admin/service/vo/UserVoCustomizer> (0x00000000d5ffd558) thrown at [C:\re\workspace\8-2-build-windows-amd64-cygwin\jdk8u74\6087\hotspot\src\share\vm\classfile\systemDictionary.cpp, line 210]
Event: 13422.553 Thread 0x000000001ff84800 Exception <a 'java/lang/ClassNotFoundException': java/lang/ObjectCustomizer> (0x00000000d6036848) thrown at [C:\re\workspace\8-2-build-windows-amd64-cygwin\jdk8u74\6087\hotspot\src\share\vm\classfile\systemDictionary.cpp, line 210]
Event: 13422.555 Thread 0x000000001ff84800 Exception <a 'java/lang/ClassNotFoundException': com/expect/admin/data/dataobject/UserCustomizer> (0x00000000d605d6b8) thrown at [C:\re\workspace\8-2-build-windows-amd64-cygwin\jdk8u74\6087\hotspot\src\share\vm\classfile\systemDictionary.cpp, line 210]
Event: 13422.557 Thread 0x000000001ff84800 Exception <a 'java/lang/ClassNotFoundException': org/springframework/security/core/userdetails/UserDetailsCustomizer> (0x00000000d60c4d90) thrown at [C:\re\workspace\8-2-build-windows-amd64-cygwin\jdk8u74\6087\hotspot\src\share\vm\classfile\systemDictionarù½s­\@Ê@
Event: 13440.724 Thread 0x000000001ff91000 Implicit null exception at 0x0000000010013c6f to 0x0000000010013d25
Event: 13440.774 Thread 0x00000000224e0800 Implicit null exception at 0x0000000010f077b7 to 0x0000000010f07ab1
Event: 13445.044 Thread 0x000000001ff84800 Implicit null exception at 0x000000000fa95ed5 to 0x000000000fa97a51
Event: 13445.044 Thread 0x000000001ff84800 Implicit null exception at 0x000000000f1571a5 to 0x000000000f159309

Events (10 events):
Event: 25933.615 Executing VM operation: ParallelGCFailedAllocation
Event: 25933.618 Executing VM operation: ParallelGCFailedAllocation done
Event: 25939.421 Executing VM operation: ParallelGCFailedAllocation
Event: 25939.424 Executing VM operation: ParallelGCFailedAllocation done
Event: 25944.820 Executing VM operation: ParallelGCFailedAllocation
Event: 25944.825 Executing VM operation: ParallelGCFailedAllocation done
Event: 25950.472 Executing VM operation: ParallelGCFailedAllocation
Event: 25950.475 Executing VM operation: ParallelGCFailedAllocation done
Event: 25955.581 Executing VM operation: ParallelGCFailedAllocation
Event: 25955.585 Executing VM operation: ParallelGCFailedAllocation done


Dynamic libraries:
0x000000013f780000 - 0x000000013f7b7000 	E:\jre\bin\javaw.exe
0x0000000077610000 - 0x00000000777ba000 	C:\Windows\SYSTEM32\ntdll.dll
0x00000000774f0000 - 0x000000007760f000 	C:\Windows\system32\kernel32.dll
0x000007fefd820000 - 0x000007fefd88a000 	C:\Windows\system32\KERNELBASE.dll
0x000007feff400000 - 0x000007feff4db000 	C:\Windows\system32\ADVAPI32.dll
0x000007feff360000 - 0x000007feff3ff000 	C:\Windows\system32\msvcrt.dll
0x000007feff4e0000 - 0x000007feff4ff000 	C:\Windows\SYSTEM32\sechost.dll
0x000007feff500000 - 0x000007feff62d000 	C:\Windows\system32\RPCRT4.dll
0x00000000773f0000 - 0x00000000774ea000 	C:\Windows\system32\USER32.dll
0x000007feff000000 - 0x000007feff067000 	C:\Windows\system32\GDI32.dll
0x000007feff630000 - 0x000007feff63e000 	C:\Windows\system32\LPK.dll
0x000007feff6c0000 - 0x000007feff78b000 	C:\Windows\system32\USP10.dll
0x000007fefbef0000 - 0x000007fefc0e4000 	C:\Windows\WinSxS\amd64_microsoft.windows.common-controls_6595b64144ccf1df_6.0.7601.18837_none_fa3b1e3d17594757\COMCTL32.dll
0x000007feff640000 - 0x000007feff6b1000 	C:\Windows\system32\SHLWAPI.dll
0x000007fefdc10000 - 0x000007fefdc3e000 	C:\Windows\system32\IMM32.DLL
0x000007feff1a0000 - 0x000007feff2a9000 	C:\Windows\system32\MSCTF.dll
0x000007fefd4e0000 - 0x000007fefd511000 	C:\Windows\system32\nvinitx.dll
0x000007fefd4d0000 - 0x000007fefd4dc000 	C:\Windows\system32\VERSION.dll
0x000000000f000000 - 0x000000000f006000 	C:\Program Files\NVIDIA Corporation\CoProcManager\detoured.dll
0x000007fef67a0000 - 0x000007fef67d2000 	C:\Program Files\NVIDIA Corporation\CoProcManager\nvd3d9wrapx.dll
0x000007fefda30000 - 0x000007fefdc07000 	C:\Windows\system32\SETUPAPI.dll
0x000007fefd5d0000 - 0x000007fefd606000 	C:\Windows\system32\CFGMGR32.dll
0x000007fefd930000 - 0x000007fefda0a000 	C:\Windows\system32\OLEAUT32.dll
0x000007fefdfd0000 - 0x000007fefe1cc000 	C:\Windows\system32\ole32.dll
0x000007fefd800000 - 0x000007fefd81a000 	C:\Windows\system32\DEVOBJ.dll
0x000007fef6770000 - 0x000007fef6792000 	C:\Program Files\NVIDIA Corporation\CoProcManager\nvdxgiwrapx.dll
0x0000000064a70000 - 0x0000000064b42000 	E:\jre\bin\msvcr100.dll
0x0000000051700000 - 0x0000000051f90000 	E:\jre\bin\server\jvm.dll
0x000007fef92f0000 - 0x000007fef92f9000 	C:\Windows\system32\WSOCK32.dll
0x000007feff150000 - 0x000007feff19d000 	C:\Windows\system32\WS2_32.dll
0x000007feff350000 - 0x000007feff358000 	C:\Windows\system32\NSI.dll
0x000007fef96a0000 - 0x000007fef96db000 	C:\Windows\system32\WINMM.dll
0x00000000777e0000 - 0x00000000777e7000 	C:\Windows\system32\PSAPI.DLL
0x0000000064a60000 - 0x0000000064a6f000 	E:\jre\bin\verify.dll
0x0000000064a30000 - 0x0000000064a59000 	E:\jre\bin\java.dll
0x0000000064a10000 - 0x0000000064a26000 	E:\jre\bin\zip.dll
0x000007fefe1d0000 - 0x000007fefef5a000 	C:\Windows\system32\SHELL32.dll
0x000007fefd520000 - 0x000007fefd52f000 	C:\Windows\system32\profapi.dll
0x00000000649f0000 - 0x0000000064a0a000 	E:\JRE\bin\net.dll
0x000007fefcd30000 - 0x000007fefcd85000 	C:\Windows\system32\mswsock.dll
0x000007fefcd20000 - 0x000007fefcd27000 	C:\Windows\System32\wship6.dll
0x000007fefb1f0000 - 0x000007fefb205000 	C:\Windows\system32\NLAapi.dll
0x000007fef8330000 - 0x000007fef8345000 	C:\Windows\system32\napinsp.dll
0x000007fef8310000 - 0x000007fef8329000 	C:\Windows\system32\pnrpnsp.dll
0x000007fefcbb0000 - 0x000007fefcc0b000 	C:\Windows\system32\DNSAPI.dll
0x000007fef8300000 - 0x000007fef830b000 	C:\Windows\System32\winrnr.dll
0x00000000722c0000 - 0x00000000722e6000 	C:\Program Files\Bonjour\mdnsNSP.dll
0x000007fefa7d0000 - 0x000007fefa7f7000 	C:\Windows\system32\Iphlpapi.DLL
0x000007fefa7c0000 - 0x000007fefa7cb000 	C:\Windows\system32\WINNSI.DLL
0x000007fef82f0000 - 0x000007fef8300000 	C:\Windows\system32\wshbth.dll
0x000007fefc670000 - 0x000007fefc677000 	C:\Windows\System32\wshtcpip.dll
0x000007fef6f10000 - 0x000007fef6f18000 	C:\Windows\system32\rasadhlp.dll
0x000007fefa570000 - 0x000007fefa5c3000 	C:\Windows\System32\fwpuclnt.dll
0x0000000069fe0000 - 0x0000000069fed000 	E:\JRE\bin\management.dll
0x00000000649d0000 - 0x00000000649e1000 	E:\JRE\bin\nio.dll
0x000007fefcd90000 - 0x000007fefcda8000 	C:\Windows\system32\CRYPTSP.dll
0x000007fefca50000 - 0x000007fefca97000 	C:\Windows\system32\rsaenh.dll
0x000007fefc810000 - 0x000007fefc82e000 	C:\Windows\system32\USERENV.dll
0x000007fefd400000 - 0x000007fefd40f000 	C:\Windows\system32\CRYPTBASE.dll
0x000007fefa550000 - 0x000007fefa568000 	C:\Windows\system32\dhcpcsvc.DLL
0x000007fefa430000 - 0x000007fefa441000 	C:\Windows\system32\dhcpcsvc6.DLL
0x000007fefaff0000 - 0x000007fefb115000 	C:\Windows\system32\dbghelp.dll

VM Arguments:
jvm_args: -Dfile.encoding=UTF-8 
java_command: com.expect.admin.SpringBootCommonApplication
java_class_path (initial): C:\Users\Administrator\Desktop\git\transitOA\target\classes;C:\Users\Administrator\.m2\repository\javax\transaction\javax.transaction-api\1.2\javax.transaction-api-1.2.jar;C:\Users\Administrator\.m2\repository\javax\validation\validation-api\1.1.0.Final\validation-api-1.1.0.Final.jar;C:\Users\Administrator\.m2\repository\javax\servlet\javax.servlet-api\3.1.0\javax.servlet-api-3.1.0.jar;C:\Users\Administrator\.m2\repository\commons-beanutils\commons-beanutils\1.9.2\commons-beanutils-1.9.2.jar;C:\Users\Administrator\.m2\repository\commons-collections\commons-collections\3.2.2\commons-collections-3.2.2.jar;C:\Users\Administrator\.m2\repository\commons-fileupload\commons-fileupload\1.3.1\commons-fileupload-1.3.1.jar;C:\Users\Administrator\.m2\repository\commons-io\commons-io\2.5\commons-io-2.5.jar;C:\Users\Administrator\.m2\repository\commons-codec\commons-codec\1.10\commons-codec-1.10.jar;C:\Users\Administrator\.m2\repository\org\springframework\boot\spring-boot-starter-aop\1.4.1.RELEASE\spring-boot-starter-aop-1.4.1.RELEASE.jar;C:\Users\Administrator\.m2\repository\org\springframework\boot\spring-boot-starter\1.4.1.RELEASE\spring-boot-starter-1.4.1.RELEASE.jar;C:\Users\Administrator\.m2\repository\org\springframework\boot\spring-boot\1.4.1.RELEASE\spring-boot-1.4.1.RELEASE.jar;C:\Users\Administrator\.m2\repository\org\springframework\spring-core\4.3.3.RELEASE\spring-core-4.3.3.RELEASE.jar;C:\Users\Administrator\.m2\repository\org\springframework\spring-context\4.3.3.RELEASE\spring-context-4.3.3.RELEASE.jar;C:\Users\Administrator\.m2\repository\org\springframework\spring-aop\4.3.3.RELEASE\spring-aop-4.3.3.RELEASE.jar;C:\Users\Administrator\.m2\repository\org\springframework\spring-beans\4.3.3.RELEASE\spring-beans-4.3.3.RELEASE.jar;C:\Users\Administrator\.m2\repository\org\springframework\spring-expression\4.3.3.RELEASE\spring-expression-4.3.3.RELEASE.jar;C:\Users\Administrator\.m2\repository\org\springframework\boot\spring-boot-autoconfigur
Launcher Type: SUN_STANDARD

Environment Variables:
JAVA_HOME=C:\Program Files\Java\jdk1.7.0_15
PATH=C:/Program Files/Java/jdk1.7.0_15/jre/bin/server;C:/Program Files/Java/jdk1.7.0_15/jre/bin;C:/Program Files/Java/jdk1.7.0_15/jre/lib/amd64;C:\Program Files\Java\jdk1.7.0_15\jre\bin;C:\ProgramData\Oracle\Java\javapath;C:\Program Files (x86)\NVIDIA Corporation\PhysX\Common;C:\Program Files\Broadcom\Broadcom 802.11 Network Adapter;C:\Windows\system32;C:\Windows;C:\Windows\System32\Wbem;C:\Windows\System32\WindowsPowerShell\v1.0\;E:\apache-maven-3.2.5\bin;C:\Program Files\Java\jdk1.7.0_15\bin;C:\Program Files\TortoiseSVN\bin;C:\Program Files\nodejs\;C:\Program Files\Git\cmd;C:\Users\Administrator\AppData\Roaming\npm;E:\eclipse-jee-mars-1-win32-x86_64\eclipse;
USERNAME=Administrator
OS=Windows_NT
PROCESSOR_IDENTIFIER=Intel64 Family 6 Model 61 Stepping 4, GenuineIntel



---------------  S Y S T E M  ---------------

OS: Windows 7 , 64 bit Build 7601 (6.1.7601.23915)

CPU:total 4 (2 cores per cpu, 2 threads per core) family 6 model 61 stepping 4, cmov, cx8, fxsr, mmx, sse, sse2, sse3, ssse3, sse4.1, sse4.2, popcnt, avx, avx2, aes, clmul, erms, 3dnowpref, lzcnt, ht, tsc, tscinvbit, bmi1, bmi2, adx

Memory: 4k page, physical 8306100k(3926700k free), swap 16610340k(11615644k free)

vm_info: Java HotSpot(TM) 64-Bit Server VM (25.74-b02) for windows-amd64 JRE (1.8.0_74-b02), built on Jan 29 2016 17:42:36 by "java_re" with MS VC++ 10.0 (VS2010)

time: Wed Oct 11 22:52:40 2017
elapsed time: 25961 seconds (0d 7h 12m 41s)

