#
# A fatal error has been detected by the Java Runtime Environment:
#
#  EXCEPTION_ACCESS_VIOLATION (0xc0000005) at pc=0x000000006185b3ee, pid=5436, tid=5824
#
# JRE version: Java(TM) SE Runtime Environment (8.0_74-b02) (build 1.8.0_74-b02)
# Java VM: Java HotSpot(TM) 64-Bit Server VM (25.74-b02 mixed mode windows-amd64 compressed oops)
# Problematic frame:
# V  [jvm.dll+0x49b3ee]
#
# Failed to write core dump. Minidumps are not enabled by default on client versions of Windows
#
# If you would like to submit a bug report, please visit:
#   http://bugreport.java.com/bugreport/crash.jsp
#

---------------  T H R E A D  ---------------

Current thread (0x0000000009945800):  JavaThread "C2 CompilerThread1" daemon [_thread_in_native, id=5824, stack(0x0000000009720000,0x0000000009820000)]

siginfo: ExceptionCode=0xc0000005, reading address 0x000000006ef04dd0

Registers:
RAX=0x0000000062d402c0, RBX=0x000000000c1c4b10, RCX=0x0000000062d402dc, RDX=0x0000000000000007
RSP=0x000000000981bf60, RBP=0x0000000000000fb9, RSI=0x000000000981c340, RDI=0x000000000981c020
R8 =0x0000000002000000, R9 =0x000000005f472840, R10=0x00000000613c0000, R11=0x000000000c15b390
R12=0x0000000061bd0d38, R13=0x000000006a8e8110, R14=0x000000000008e220, R15=0x00000000613c0000
RIP=0x000000006185b3ee, EFLAGS=0x0000000000010206

Top of Stack: (sp=0x000000000981bf60)
0x000000000981bf60:   0000000000000000 000000000d2f5400
0x000000000981bf70:   000000000981ea70 000000006148ce6a
0x000000000981bf80:   0000000000001ede 000000006182440f
0x000000000981bf90:   000000000981c360 000000000c1bbfb0
0x000000000981bfa0:   0000000000000fb9 000000000981c340
0x000000000981bfb0:   0000145700000000 0000000000000008
0x000000000981bfc0:   000000000b2908e0 0000000000000020
0x000000000981bfd0:   0000000009a0a6a0 0000000000000020
0x000000000981bfe0:   000000000c15b110 00001f6f00000000
0x000000000981bff0:   0000000000000008 000000005e0aeee0
0x000000000981c000:   0000000000000020 000000000b270a30
0x000000000981c010:   0000000000000020 000000000c12d3f0
0x000000000981c020:   00001ee000000000 0000000000000007
0x000000000981c030:   0000000062d402c0 000000000000001f
0x000000000981c040:   0000000062d407e0 0000000000000020
0x000000000981c050:   000000000981c360 0000000000000020 

Instructions: (pc=0x000000006185b3ee)
0x000000006185b3ce:   47 08 08 00 00 00 89 47 18 33 c0 48 8b 6c 24 40
0x000000006185b3de:   48 8b 5c 24 38 48 8b 74 24 48 48 83 c4 20 5f c3
0x000000006185b3ee:   8b 47 18 8b ca 44 8d 4c c2 f8 48 8b 47 10 41 c1
0x000000006185b3fe:   e1 05 44 89 4f 04 44 8b 04 88 8d 42 01 44 89 07 


Register to memory mapping:

RAX=0x0000000062d402c0 is an unknown value
RBX=0x000000000c1c4b10 is an unknown value
RCX=0x0000000062d402dc is an unknown value
RDX=0x0000000000000007 is an unknown value
RSP=0x000000000981bf60 is pointing into the stack for thread: 0x0000000009945800
RBP=0x0000000000000fb9 is an unknown value
RSI=0x000000000981c340 is pointing into the stack for thread: 0x0000000009945800
RDI=0x000000000981c020 is pointing into the stack for thread: 0x0000000009945800
R8 =0x0000000002000000 is an unknown value
R9 =0x000000005f472840 is an unknown value
R10=0x00000000613c0000 is an unknown value
R11=0x000000000c15b390 is an unknown value
R12=0x0000000061bd0d38 is an unknown value
R13=0x000000006a8e8110 is an unknown value
R14=0x000000000008e220 is an unknown value
R15=0x00000000613c0000 is an unknown value


Stack: [0x0000000009720000,0x0000000009820000],  sp=0x000000000981bf60,  free space=1007k
Native frames: (J=compiled Java code, j=interpreted, Vv=VM code, C=native code)
V  [jvm.dll+0x49b3ee]
V  [jvm.dll+0x46440f]
V  [jvm.dll+0x465ed8]
V  [jvm.dll+0x4660c6]
V  [jvm.dll+0x463c54]
V  [jvm.dll+0x462d64]
V  [jvm.dll+0x46dd9b]
V  [jvm.dll+0x4703b2]
V  [jvm.dll+0x453492]
V  [jvm.dll+0xa4ae2]
V  [jvm.dll+0xa541f]
V  [jvm.dll+0x243434]
V  [jvm.dll+0x29a27a]
C  [msvcr100.dll+0x21d9f]
C  [msvcr100.dll+0x21e3b]
C  [kernel32.dll+0x159cd]
C  [ntdll.dll+0x2a561]


Current CompileTask:
C2: 730916 14064       4       org.springframework.core.io.support.PathMatchingResourcePatternResolver::doRetrieveMatchingFiles (296 bytes)


---------------  P R O C E S S  ---------------

Java Threads: ( => current thread )
  0x0000000062d9d800 JavaThread "restartedMain" [_thread_in_Java, id=3808, stack(0x0000000061d30000,0x0000000061e30000)]
  0x000000000d9ec000 JavaThread "Thread-18" [_thread_blocked, id=7728, stack(0x0000000063570000,0x0000000063670000)]
  0x000000000b049800 JavaThread "DestroyJavaVM" [_thread_blocked, id=936, stack(0x00000000025f0000,0x00000000026f0000)]
  0x0000000060a2b800 JavaThread "Live Reload Server" daemon [_thread_in_native, id=1624, stack(0x0000000061e50000,0x0000000061f50000)]
  0x0000000060a27000 JavaThread "Abandoned connection cleanup thread" daemon [_thread_blocked, id=4344, stack(0x0000000066310000,0x0000000066410000)]
  0x000000000997f000 JavaThread "Service Thread" daemon [_thread_blocked, id=1152, stack(0x000000000a210000,0x000000000a310000)]
  0x0000000009946000 JavaThread "C1 CompilerThread2" daemon [_thread_in_native, id=2060, stack(0x000000000a0f0000,0x000000000a1f0000)]
=>0x0000000009945800 JavaThread "C2 CompilerThread1" daemon [_thread_in_native, id=5824, stack(0x0000000009720000,0x0000000009820000)]
  0x0000000009940000 JavaThread "C2 CompilerThread0" daemon [_thread_blocked, id=5452, stack(0x0000000009d30000,0x0000000009e30000)]
  0x0000000008462800 JavaThread "Attach Listener" daemon [_thread_blocked, id=5456, stack(0x0000000009fa0000,0x000000000a0a0000)]
  0x0000000009939000 JavaThread "Signal Dispatcher" daemon [_thread_blocked, id=5176, stack(0x0000000009ea0000,0x0000000009fa0000)]
  0x000000000844f800 JavaThread "Finalizer" daemon [_thread_blocked, id=5472, stack(0x0000000009490000,0x0000000009590000)]
  0x0000000008408800 JavaThread "Reference Handler" daemon [_thread_blocked, id=5476, stack(0x0000000009820000,0x0000000009920000)]

Other Threads:
  0x0000000008401000 VMThread [stack: 0x0000000009610000,0x0000000009710000] [id=5392]
  0x00000000099c6000 WatcherThread [stack: 0x000000000a450000,0x000000000a550000] [id=7356]

VM state:not at safepoint (normal execution)

VM Mutex/Monitor currently owned by a thread: None

Heap:
 PSYoungGen      total 631296K, used 303212K [0x00000000d5c00000, 0x0000000100000000, 0x0000000100000000)
  eden space 626688K, 48% used [0x00000000d5c00000,0x00000000e841b2c8,0x00000000fc000000)
  from space 4608K, 0% used [0x00000000fc000000,0x00000000fc000000,0x00000000fc480000)
  to   space 33280K, 0% used [0x00000000fdf80000,0x00000000fdf80000,0x0000000100000000)
 ParOldGen       total 155136K, used 63781K [0x0000000081400000, 0x000000008ab80000, 0x00000000d5c00000)
  object space 155136K, 41% used [0x0000000081400000,0x00000000852497a0,0x000000008ab80000)
 Metaspace       used 77237K, capacity 78988K, committed 79128K, reserved 1118208K
  class space    used 9067K, capacity 9455K, committed 9512K, reserved 1048576K

Card table byte_map: [0x0000000002ba0000,0x0000000002fa0000] byte_map_base: 0x0000000002796000

Marking Bits: (ParMarkBitMap*) 0x0000000061bd0600
 Begin Bits: [0x0000000003710000, 0x00000000056c0000)
 End Bits:   [0x00000000056c0000, 0x0000000007670000)

Polling page: 0x0000000000120000

CodeCache: size=245760Kb used=39662Kb max_used=40162Kb free=206097Kb
 bounds [0x000000000f010000, 0x00000000117a0000, 0x000000001e010000]
 total_blobs=11885 nmethods=11073 adapters=723
 compilation: enabled

Compilation events (10 events):
Event: 730.298 Thread 0x0000000009946000 nmethod 14060 0x000000000f98e4d0 code [0x000000000f98e660, 0x000000000f98e988]
Event: 730.307 Thread 0x0000000009940000 14062       4       java.util.ComparableTimSort::countRunAndMakeAscending (123 bytes)
Event: 730.323 Thread 0x0000000009940000 nmethod 14062 0x00000000103b0050 code [0x00000000103b0200, 0x00000000103b09f8]
Event: 730.329 Thread 0x0000000009946000 14063       3       org.springframework.core.type.classreading.CachingMetadataReaderFactory::<init> (31 bytes)
Event: 730.330 Thread 0x0000000009946000 nmethod 14063 0x00000000114f3650 code [0x00000000114f3860, 0x00000000114f4188]
Event: 730.348 Thread 0x0000000009945800 14064       4       org.springframework.core.io.support.PathMatchingResourcePatternResolver::doRetrieveMatchingFiles (296 bytes)
Event: 730.354 Thread 0x0000000009940000 14065       4       sun.reflect.generics.reflectiveObjects.WildcardTypeImpl::hashCode (20 bytes)
Event: 730.378 Thread 0x0000000009940000 nmethod 14065 0x000000000f172b50 code [0x000000000f172d00, 0x000000000f1736e8]
Event: 730.700 Thread 0x0000000009946000 14066   !   3       org.springframework.context.annotation.ClassPathScanningCandidateComponentProvider::findCandidateComponents (413 bytes)
Event: 730.707 Thread 0x0000000009946000 nmethod 14066 0x0000000010e32a90 code [0x0000000010e33260, 0x0000000010e38b68]

GC Heap History (10 events):
Event: 677.492 GC heap before
{Heap before GC invocations=21 (full 4):
 PSYoungGen      total 659456K, used 489067K [0x00000000d5c00000, 0x0000000100000000, 0x0000000100000000)
  eden space 630784K, 73% used [0x00000000d5c00000,0x00000000f22c79e0,0x00000000fc400000)
  from space 28672K, 81% used [0x00000000fe400000,0x00000000ffad3300,0x0000000100000000)
  to   space 30720K, 0% used [0x00000000fc400000,0x00000000fc400000,0x00000000fe200000)
 ParOldGen       total 155136K, used 44955K [0x0000000081400000, 0x000000008ab80000, 0x00000000d5c00000)
  object space 155136K, 28% used [0x0000000081400000,0x0000000083fe6ea8,0x000000008ab80000)
 Metaspace       used 73753K, capacity 75502K, committed 75800K, reserved 1116160K
  class space    used 8844K, capacity 9186K, committed 9256K, reserved 1048576K
Event: 677.521 GC heap after
Heap after GC invocations=21 (full 4):
 PSYoungGen      total 661504K, used 18304K [0x00000000d5c00000, 0x0000000100000000, 0x0000000100000000)
  eden space 630784K, 0% used [0x00000000d5c00000,0x00000000d5c00000,0x00000000fc400000)
  from space 30720K, 59% used [0x00000000fc400000,0x00000000fd5e00c0,0x00000000fe200000)
  to   space 30208K, 0% used [0x00000000fe280000,0x00000000fe280000,0x0000000100000000)
 ParOldGen       total 155136K, used 44963K [0x0000000081400000, 0x000000008ab80000, 0x00000000d5c00000)
  object space 155136K, 28% used [0x0000000081400000,0x0000000083fe8ea8,0x000000008ab80000)
 Metaspace       used 73753K, capacity 75502K, committed 75800K, reserved 1116160K
  class space    used 8844K, capacity 9186K, committed 9256K, reserved 1048576K
}
Event: 677.521 GC heap before
{Heap before GC invocations=22 (full 5):
 PSYoungGen      total 661504K, used 18304K [0x00000000d5c00000, 0x0000000100000000, 0x0000000100000000)
  eden space 630784K, 0% used [0x00000000d5c00000,0x00000000d5c00000,0x00000000fc400000)
  from space 30720K, 59% used [0x00000000fc400000,0x00000000fd5e00c0,0x00000000fe200000)
  to   space 30208K, 0% used [0x00000000fe280000,0x00000000fe280000,0x0000000100000000)
 ParOldGen       total 155136K, used 44963K [0x0000000081400000, 0x000000008ab80000, 0x00000000d5c00000)
  object space 155136K, 28% used [0x0000000081400000,0x0000000083fe8ea8,0x000000008ab80000)
 Metaspace       used 73753K, capacity 75502K, committed 75800K, reserved 1116160K
  class space    used 8844K, capacity 9186K, committed 9256K, reserved 1048576K
Event: 678.087 GC heap after
Heap after GC invocations=22 (full 5):
 PSYoungGen      total 661504K, used 0K [0x00000000d5c00000, 0x0000000100000000, 0x0000000100000000)
  eden space 630784K, 0% used [0x00000000d5c00000,0x00000000d5c00000,0x00000000fc400000)
  from space 30720K, 0% used [0x00000000fc400000,0x00000000fc400000,0x00000000fe200000)
  to   space 30208K, 0% used [0x00000000fe280000,0x00000000fe280000,0x0000000100000000)
 ParOldGen       total 155136K, used 61371K [0x0000000081400000, 0x000000008ab80000, 0x00000000d5c00000)
  object space 155136K, 39% used [0x0000000081400000,0x0000000084feed28,0x000000008ab80000)
 Metaspace       used 73693K, capacity 75406K, committed 75800K, reserved 1116160K
  class space    used 8835K, capacity 9170K, committed 9256K, reserved 1048576K
}
Event: 685.076 GC heap before
{Heap before GC invocations=23 (full 5):
 PSYoungGen      total 661504K, used 630784K [0x00000000d5c00000, 0x0000000100000000, 0x0000000100000000)
  eden space 630784K, 100% used [0x00000000d5c00000,0x00000000fc400000,0x00000000fc400000)
  from space 30720K, 0% used [0x00000000fc400000,0x00000000fc400000,0x00000000fe200000)
  to   space 30208K, 0% used [0x00000000fe280000,0x00000000fe280000,0x0000000100000000)
 ParOldGen       total 155136K, used 61371K [0x0000000081400000, 0x000000008ab80000, 0x00000000d5c00000)
  object space 155136K, 39% used [0x0000000081400000,0x0000000084feed28,0x000000008ab80000)
 Metaspace       used 75512K, capacity 77282K, committed 77464K, reserved 1118208K
  class space    used 8954K, capacity 9316K, committed 9384K, reserved 1048576K
Event: 685.113 GC heap after
Heap after GC invocations=23 (full 5):
 PSYoungGen      total 656896K, used 25291K [0x00000000d5c00000, 0x0000000100000000, 0x0000000100000000)
  eden space 626688K, 0% used [0x00000000d5c00000,0x00000000d5c00000,0x00000000fc000000)
  from space 30208K, 83% used [0x00000000fe280000,0x00000000ffb32cc0,0x0000000100000000)
  to   space 32768K, 0% used [0x00000000fc000000,0x00000000fc000000,0x00000000fe000000)
 ParOldGen       total 155136K, used 61379K [0x0000000081400000, 0x000000008ab80000, 0x00000000d5c00000)
  object space 155136K, 39% used [0x0000000081400000,0x0000000084ff0d28,0x000000008ab80000)
 Metaspace       used 75512K, capacity 77282K, committed 77464K, reserved 1118208K
  class space    used 8954K, capacity 9316K, committed 9384K, reserved 1048576K
}
Event: 727.490 GC heap before
{Heap before GC invocations=24 (full 5):
 PSYoungGen      total 656896K, used 424152K [0x00000000d5c00000, 0x0000000100000000, 0x0000000100000000)
  eden space 626688K, 63% used [0x00000000d5c00000,0x00000000ee183448,0x00000000fc000000)
  from space 30208K, 83% used [0x00000000fe280000,0x00000000ffb32cc0,0x0000000100000000)
  to   space 32768K, 0% used [0x00000000fc000000,0x00000000fc000000,0x00000000fe000000)
 ParOldGen       total 155136K, used 61379K [0x0000000081400000, 0x000000008ab80000, 0x00000000d5c00000)
  object space 155136K, 39% used [0x0000000081400000,0x0000000084ff0d28,0x000000008ab80000)
 Metaspace       used 76805K, capacity 78542K, committed 78872K, reserved 1118208K
  class space    used 9026K, capacity 9399K, committed 9512K, reserved 1048576K
Event: 727.506 GC heap after
Heap after GC invocations=24 (full 5):
 PSYoungGen      total 631296K, used 4224K [0x00000000d5c00000, 0x0000000100000000, 0x0000000100000000)
  eden space 626688K, 0% used [0x00000000d5c00000,0x00000000d5c00000,0x00000000fc000000)
  from space 4608K, 91% used [0x00000000fc000000,0x00000000fc4200a0,0x00000000fc480000)
  to   space 33280K, 0% used [0x00000000fdf80000,0x00000000fdf80000,0x0000000100000000)
 ParOldGen       total 155136K, used 61387K [0x0000000081400000, 0x000000008ab80000, 0x00000000d5c00000)
  object space 155136K, 39% used [0x0000000081400000,0x0000000084ff2d28,0x000000008ab80000)
 Metaspace       used 76805K, capacity 78542K, committed 78872K, reserved 1118208K
  class space    used 9026K, capacity 9399K, committed 9512K, reserved 1048576K
}
Event: 727.506 GC heap before
{Heap before GC invocations=25 (full 6):
 PSYoungGen      total 631296K, used 4224K [0x00000000d5c00000, 0x0000000100000000, 0x0000000100000000)
  eden space 626688K, 0% used [0x00000000d5c00000,0x00000000d5c00000,0x00000000fc000000)
  from space 4608K, 91% used [0x00000000fc000000,0x00000000fc4200a0,0x00000000fc480000)
  to   space 33280K, 0% used [0x00000000fdf80000,0x00000000fdf80000,0x0000000100000000)
 ParOldGen       total 155136K, used 61387K [0x0000000081400000, 0x000000008ab80000, 0x00000000d5c00000)
  object space 155136K, 39% used [0x0000000081400000,0x0000000084ff2d28,0x000000008ab80000)
 Metaspace       used 76805K, capacity 78542K, committed 78872K, reserved 1118208K
  class space    used 9026K, capacity 9399K, committed 9512K, reserved 1048576K
Event: 728.368 GC heap after
Heap after GC invocations=25 (full 6):
 PSYoungGen      total 631296K, used 0K [0x00000000d5c00000, 0x0000000100000000, 0x0000000100000000)
  eden space 626688K, 0% used [0x00000000d5c00000,0x00000000d5c00000,0x00000000fc000000)
  from space 4608K, 0% used [0x00000000fc000000,0x00000000fc000000,0x00000000fc480000)
  to   space 33280K, 0% used [0x00000000fdf80000,0x00000000fdf80000,0x0000000100000000)
 ParOldGen       total 155136K, used 63781K [0x0000000081400000, 0x000000008ab80000, 0x00000000d5c00000)
  object space 155136K, 41% used [0x0000000081400000,0x00000000852497a0,0x000000008ab80000)
 Metaspace       used 76742K, capacity 78440K, committed 78872K, reserved 1118208K
  class space    used 9017K, capacity 9381K, committed 9512K, reserved 1048576K
}

Deoptimization events (10 events):
Event: 685.573 Thread 0x000000000b04d800 Uncommon trap: reason=unstable_if action=reinterpret pc=0x000000000f1b4f58 method=org.springframework.core.ResolvableType.equals(Ljava/lang/Object;)Z @ 83
Event: 686.804 Thread 0x000000000b04d800 Uncommon trap: reason=unstable_if action=reinterpret pc=0x000000001158d760 method=org.aspectj.weaver.ResolvedMemberImpl.matches(Lorg/aspectj/weaver/ResolvedMember;Z)Z @ 43
Event: 728.751 Thread 0x0000000062d9d800 Uncommon trap: reason=array_check action=maybe_recompile pc=0x0000000011741d04 method=org.springframework.core.type.classreading.RecursiveAnnotationArrayVisitor.visit(Ljava/lang/String;Ljava/lang/Object;)V @ 96
Event: 728.751 Thread 0x0000000062d9d800 Uncommon trap: reason=array_check action=maybe_recompile pc=0x0000000011741d04 method=org.springframework.core.type.classreading.RecursiveAnnotationArrayVisitor.visit(Ljava/lang/String;Ljava/lang/Object;)V @ 96
Event: 728.751 Thread 0x0000000062d9d800 Uncommon trap: reason=array_check action=maybe_recompile pc=0x0000000011741d04 method=org.springframework.core.type.classreading.RecursiveAnnotationArrayVisitor.visit(Ljava/lang/String;Ljava/lang/Object;)V @ 96
Event: 728.751 Thread 0x0000000062d9d800 Uncommon trap: reason=array_check action=maybe_recompile pc=0x0000000011741d04 method=org.springframework.core.type.classreading.RecursiveAnnotationArrayVisitor.visit(Ljava/lang/String;Ljava/lang/Object;)V @ 96
Event: 728.784 Thread 0x0000000062d9d800 Uncommon trap: reason=array_check action=maybe_recompile pc=0x00000000112de83c method=org.springframework.util.ObjectUtils.addObjectToArray([Ljava/lang/Object;Ljava/lang/Object;)[Ljava/lang/Object; @ 75
Event: 728.784 Thread 0x0000000062d9d800 Uncommon trap: reason=array_check action=maybe_recompile pc=0x00000000112de83c method=org.springframework.util.ObjectUtils.addObjectToArray([Ljava/lang/Object;Ljava/lang/Object;)[Ljava/lang/Object; @ 75
Event: 728.784 Thread 0x0000000062d9d800 Uncommon trap: reason=array_check action=maybe_recompile pc=0x00000000112de83c method=org.springframework.util.ObjectUtils.addObjectToArray([Ljava/lang/Object;Ljava/lang/Object;)[Ljava/lang/Object; @ 75
Event: 728.788 Thread 0x0000000062d9d800 Uncommon trap: reason=array_check action=maybe_recompile pc=0x00000000112de83c method=org.springframework.util.ObjectUtils.addObjectToArray([Ljava/lang/Object;Ljava/lang/Object;)[Ljava/lang/Object; @ 75

Internal exceptions (10 events):
Event: 727.485 Thread 0x000000000d9ea800 Exception <a 'java/lang/InterruptedException': sleep interrupted> (0x00000000ee065560) thrown at [C:\re\workspace\8-2-build-windows-amd64-cygwin\jdk8u74\6087\hotspot\src\share\vm\prims\jvm.cpp, line 3215]
Event: 728.381 Thread 0x0000000062d9d800 Exception <a 'java/io/FileNotFoundException'> (0x00000000d5f57df8) thrown at [C:\re\workspace\8-2-build-windows-amd64-cygwin\jdk8u74\6087\hotspot\src\share\vm\prims\jni.cpp, line 709]
Event: 728.937 Thread 0x0000000062d9d800 Exception <a 'java/security/PrivilegedActionException'> (0x00000000dace3b20) thrown at [C:\re\workspace\8-2-build-windows-amd64-cygwin\jdk8u74\6087\hotspot\src\share\vm\prims\jvm.cpp, line 1386]
Event: 728.937 Thread 0x0000000062d9d800 Exception <a 'java/security/PrivilegedActionException'> (0x00000000dace3f18) thrown at [C:\re\workspace\8-2-build-windows-amd64-cygwin\jdk8u74\6087\hotspot\src\share\vm\prims\jvm.cpp, line 1386]
Event: 729.023 Thread 0x0000000062d9d800 Exception <a 'java/security/PrivilegedActionException'> (0x00000000db6e0050) thrown at [C:\re\workspace\8-2-build-windows-amd64-cygwin\jdk8u74\6087\hotspot\src\share\vm\prims\jvm.cpp, line 1386]
Event: 729.023 Thread 0x0000000062d9d800 Exception <a 'java/security/PrivilegedActionException'> (0x00000000db6e0448) thrown at [C:\re\workspace\8-2-build-windows-amd64-cygwin\jdk8u74\6087\hotspot\src\share\vm\prims\jvm.cpp, line 1386]
Event: 729.474 Thread 0x0000000062d9d800 Exception <a 'java/security/PrivilegedActionException'> (0x00000000dfe79038) thrown at [C:\re\workspace\8-2-build-windows-amd64-cygwin\jdk8u74\6087\hotspot\src\share\vm\prims\jvm.cpp, line 1386]
Event: 729.474 Thread 0x0000000062d9d800 Exception <a 'java/security/PrivilegedActionException'> (0x00000000dfe79430) thrown at [C:\re\workspace\8-2-build-windows-amd64-cygwin\jdk8u74\6087\hotspot\src\share\vm\prims\jvm.cpp, line 1386]
Event: 729.476 Thread 0x0000000062d9d800 Exception <a 'java/security/PrivilegedActionException'> (0x00000000dfeea028) thrown at [C:\re\workspace\8-2-build-windows-amd64-cygwin\jdk8u74\6087\hotspot\src\share\vm\prims\jvm.cpp, line 1386]
Event: 729.476 Thread 0x0000000062d9d800 Exception <a 'java/security/PrivilegedActionException'> (0x00000000dfeea420) thrown at [C:\re\workspace\8-2-build-windows-amd64-cygwin\jdk8u74\6087\hotspot\src\share\vm\prims\jvm.cpp, line 1386]

Events (10 events):
Event: 729.579 Thread 0x0000000009946000 flushing nmethod 0x00000000114d7a10
Event: 729.579 Thread 0x0000000009946000 flushing nmethod 0x00000000114f3650
Event: 729.579 Thread 0x0000000009946000 flushing nmethod 0x00000000114f3a90
Event: 729.579 Thread 0x0000000009946000 flushing nmethod 0x00000000114f4090
Event: 729.591 loading class org/springframework/data/redis/core/RedisTemplate
Event: 729.591 loading class org/springframework/data/redis/core/RedisTemplate done
Event: 729.592 loading class org/springframework/data/redis/core/RedisTemplate
Event: 729.592 loading class org/springframework/data/redis/core/RedisTemplate done
Event: 729.592 loading class org/springframework/data/redis/core$RedisTemplate
Event: 729.592 loading class org/springframework/data/redis/core$RedisTemplate done


Dynamic libraries:
0x000000013f7c0000 - 0x000000013f7f7000 	E:\jre\bin\javaw.exe
0x00000000778b0000 - 0x0000000077a5a000 	C:\Windows\SYSTEM32\ntdll.dll
0x0000000077790000 - 0x00000000778af000 	C:\Windows\system32\kernel32.dll
0x000007fefda20000 - 0x000007fefda8a000 	C:\Windows\system32\KERNELBASE.dll
0x000007feff880000 - 0x000007feff95b000 	C:\Windows\system32\ADVAPI32.dll
0x000007fefdef0000 - 0x000007fefdf8f000 	C:\Windows\system32\msvcrt.dll
0x000007fefdd00000 - 0x000007fefdd1f000 	C:\Windows\SYSTEM32\sechost.dll
0x000007fefdbd0000 - 0x000007fefdcfd000 	C:\Windows\system32\RPCRT4.dll
0x0000000077690000 - 0x000000007778a000 	C:\Windows\system32\USER32.dll
0x000007fefe0f0000 - 0x000007fefe157000 	C:\Windows\system32\GDI32.dll
0x000007fefdee0000 - 0x000007fefdeee000 	C:\Windows\system32\LPK.dll
0x000007fefe890000 - 0x000007fefe95b000 	C:\Windows\system32\USP10.dll
0x000007fefc790000 - 0x000007fefc984000 	C:\Windows\WinSxS\amd64_microsoft.windows.common-controls_6595b64144ccf1df_6.0.7601.18837_none_fa3b1e3d17594757\COMCTL32.dll
0x000007fefe7e0000 - 0x000007fefe851000 	C:\Windows\system32\SHLWAPI.dll
0x000007fefe860000 - 0x000007fefe88e000 	C:\Windows\system32\IMM32.DLL
0x000007fefe160000 - 0x000007fefe269000 	C:\Windows\system32\MSCTF.dll
0x000007fefd780000 - 0x000007fefd7b1000 	C:\Windows\system32\nvinitx.dll
0x000007fefd770000 - 0x000007fefd77c000 	C:\Windows\system32\VERSION.dll
0x000000000f000000 - 0x000000000f006000 	C:\Program Files\NVIDIA Corporation\CoProcManager\detoured.dll
0x000007fefaf30000 - 0x000007fefaf62000 	C:\Program Files\NVIDIA Corporation\CoProcManager\nvd3d9wrapx.dll
0x000007fefe270000 - 0x000007fefe447000 	C:\Windows\system32\SETUPAPI.dll
0x000007fefda90000 - 0x000007fefdac6000 	C:\Windows\system32\CFGMGR32.dll
0x000007fefdf90000 - 0x000007fefe06a000 	C:\Windows\system32\OLEAUT32.dll
0x000007fefe450000 - 0x000007fefe64c000 	C:\Windows\system32\ole32.dll
0x000007fefdb70000 - 0x000007fefdb8a000 	C:\Windows\system32\DEVOBJ.dll
0x000007fefae60000 - 0x000007fefae82000 	C:\Program Files\NVIDIA Corporation\CoProcManager\nvdxgiwrapx.dll
0x0000000061c50000 - 0x0000000061d22000 	E:\jre\bin\msvcr100.dll
0x00000000613c0000 - 0x0000000061c50000 	E:\jre\bin\server\jvm.dll
0x000007fef8be0000 - 0x000007fef8be9000 	C:\Windows\system32\WSOCK32.dll
0x000007fefddd0000 - 0x000007fefde1d000 	C:\Windows\system32\WS2_32.dll
0x000007fefdd20000 - 0x000007fefdd28000 	C:\Windows\system32\NSI.dll
0x000007fefae20000 - 0x000007fefae5b000 	C:\Windows\system32\WINMM.dll
0x0000000077a70000 - 0x0000000077a77000 	C:\Windows\system32\PSAPI.DLL
0x0000000072a70000 - 0x0000000072a7f000 	E:\jre\bin\verify.dll
0x0000000072a40000 - 0x0000000072a69000 	E:\jre\bin\java.dll
0x00000000613a0000 - 0x00000000613b6000 	E:\jre\bin\zip.dll
0x000007fefeaf0000 - 0x000007feff87b000 	C:\Windows\system32\SHELL32.dll
0x000007fefd7c0000 - 0x000007fefd7cf000 	C:\Windows\system32\profapi.dll
0x00000000612a0000 - 0x00000000612ba000 	E:\JRE\bin\net.dll
0x000007fefcf90000 - 0x000007fefcfe5000 	C:\Windows\system32\mswsock.dll
0x000007fefcf80000 - 0x000007fefcf87000 	C:\Windows\System32\wship6.dll
0x000007fefb850000 - 0x000007fefb865000 	C:\Windows\system32\NLAapi.dll
0x000007fef5a80000 - 0x000007fef5a95000 	C:\Windows\system32\napinsp.dll
0x000007fef5a60000 - 0x000007fef5a79000 	C:\Windows\system32\pnrpnsp.dll
0x000007fefce10000 - 0x000007fefce6b000 	C:\Windows\system32\DNSAPI.dll
0x000007fef5aa0000 - 0x000007fef5aab000 	C:\Windows\System32\winrnr.dll
0x0000000073270000 - 0x0000000073296000 	C:\Program Files\Bonjour\mdnsNSP.dll
0x000007fefa2b0000 - 0x000007fefa2d7000 	C:\Windows\system32\Iphlpapi.DLL
0x000007fefa2a0000 - 0x000007fefa2ab000 	C:\Windows\system32\WINNSI.DLL
0x000007fef5990000 - 0x000007fef59a0000 	C:\Windows\system32\wshbth.dll
0x000007fefc630000 - 0x000007fefc637000 	C:\Windows\System32\wshtcpip.dll
0x000007fef8c20000 - 0x000007fef8c28000 	C:\Windows\system32\rasadhlp.dll
0x000007fefa0c0000 - 0x000007fefa113000 	C:\Windows\System32\fwpuclnt.dll
0x0000000068b60000 - 0x0000000068b6d000 	E:\JRE\bin\management.dll
0x0000000061280000 - 0x0000000061291000 	E:\JRE\bin\nio.dll
0x000007fefd0e0000 - 0x000007fefd0f8000 	C:\Windows\system32\CRYPTSP.dll
0x000007fefccf0000 - 0x000007fefcd37000 	C:\Windows\system32\rsaenh.dll
0x000007fefcab0000 - 0x000007fefcace000 	C:\Windows\system32\USERENV.dll
0x000007fefd660000 - 0x000007fefd66f000 	C:\Windows\system32\CRYPTBASE.dll
0x000007fefa070000 - 0x000007fefa088000 	C:\Windows\system32\dhcpcsvc.DLL
0x000007fef9f70000 - 0x000007fef9f81000 	C:\Windows\system32\dhcpcsvc6.DLL
0x000007fef65c0000 - 0x000007fef66e5000 	C:\Windows\system32\dbghelp.dll

VM Arguments:
jvm_args: -Dfile.encoding=UTF-8 
java_command: com.expect.admin.SpringBootCommonApplication
java_class_path (initial): C:\Users\Administrator\Desktop\git\transitOA\target\classes;C:\Users\Administrator\.m2\repository\javax\transaction\javax.transaction-api\1.2\javax.transaction-api-1.2.jar;C:\Users\Administrator\.m2\repository\javax\validation\validation-api\1.1.0.Final\validation-api-1.1.0.Final.jar;C:\Users\Administrator\.m2\repository\javax\servlet\javax.servlet-api\3.1.0\javax.servlet-api-3.1.0.jar;C:\Users\Administrator\.m2\repository\commons-beanutils\commons-beanutils\1.9.2\commons-beanutils-1.9.2.jar;C:\Users\Administrator\.m2\repository\commons-collections\commons-collections\3.2.2\commons-collections-3.2.2.jar;C:\Users\Administrator\.m2\repository\commons-fileupload\commons-fileupload\1.3.1\commons-fileupload-1.3.1.jar;C:\Users\Administrator\.m2\repository\commons-io\commons-io\2.5\commons-io-2.5.jar;C:\Users\Administrator\.m2\repository\commons-codec\commons-codec\1.10\commons-codec-1.10.jar;C:\Users\Administrator\.m2\repository\org\springframework\boot\spring-boot-starter-aop\1.4.1.RELEASE\spring-boot-starter-aop-1.4.1.RELEASE.jar;C:\Users\Administrator\.m2\repository\org\springframework\boot\spring-boot-starter\1.4.1.RELEASE\spring-boot-starter-1.4.1.RELEASE.jar;C:\Users\Administrator\.m2\repository\org\springframework\boot\spring-boot\1.4.1.RELEASE\spring-boot-1.4.1.RELEASE.jar;C:\Users\Administrator\.m2\repository\org\springframework\spring-core\4.3.3.RELEASE\spring-core-4.3.3.RELEASE.jar;C:\Users\Administrator\.m2\repository\org\springframework\spring-context\4.3.3.RELEASE\spring-context-4.3.3.RELEASE.jar;C:\Users\Administrator\.m2\repository\org\springframework\spring-aop\4.3.3.RELEASE\spring-aop-4.3.3.RELEASE.jar;C:\Users\Administrator\.m2\repository\org\springframework\spring-beans\4.3.3.RELEASE\spring-beans-4.3.3.RELEASE.jar;C:\Users\Administrator\.m2\repository\org\springframework\spring-expression\4.3.3.RELEASE\spring-expression-4.3.3.RELEASE.jar;C:\Users\Administrator\.m2\repository\org\springframework\boot\spring-boot-autoconfigur
Launcher Type: SUN_STANDARD

Environment Variables:
JAVA_HOME=C:\Program Files\Java\jdk1.7.0_15
PATH=C:/Program Files/Java/jdk1.7.0_15/jre/bin/server;C:/Program Files/Java/jdk1.7.0_15/jre/bin;C:/Program Files/Java/jdk1.7.0_15/jre/lib/amd64;C:\Program Files\Java\jdk1.7.0_15\jre\bin;C:\ProgramData\Oracle\Java\javapath;C:\Program Files (x86)\NVIDIA Corporation\PhysX\Common;C:\Program Files\Broadcom\Broadcom 802.11 Network Adapter;C:\Windows\system32;C:\Windows;C:\Windows\System32\Wbem;C:\Windows\System32\WindowsPowerShell\v1.0\;E:\apache-maven-3.2.5\bin;C:\Program Files\Java\jdk1.7.0_15\bin;C:\Program Files\TortoiseSVN\bin;C:\Program Files\nodejs\;C:\Program Files\Git\cmd;C:\Users\Administrator\AppData\Roaming\npm;E:\eclipse-jee-mars-1-win32-x86_64\eclipse;
USERNAME=Administrator
OS=Windows_NT
PROCESSOR_IDENTIFIER=Intel64 Family 6 Model 61 Stepping 4, GenuineIntel



---------------  S Y S T E M  ---------------

OS: Windows 7 , 64 bit Build 7601 (6.1.7601.23864)

CPU:total 4 (2 cores per cpu, 2 threads per core) family 6 model 61 stepping 4, cmov, cx8, fxsr, mmx, sse, sse2, sse3, ssse3, sse4.1, sse4.2, popcnt, avx, avx2, aes, clmul, erms, 3dnowpref, lzcnt, ht, tsc, tscinvbit, bmi1, bmi2, adx

Memory: 4k page, physical 8306100k(3330656k free), swap 16610340k(10844944k free)

vm_info: Java HotSpot(TM) 64-Bit Server VM (25.74-b02) for windows-amd64 JRE (1.8.0_74-b02), built on Jan 29 2016 17:42:36 by "java_re" with MS VC++ 10.0 (VS2010)

time: Tue Aug 15 14:49:59 2017
elapsed time: 730 seconds (0d 0h 12m 10s)

